<?xml version="1.0" encoding="UTF-8"?>
<testsuite name="Projektarbeit.leihVorgang.nonarquillian.InMemoryH2Test" time="0.832" tests="5" errors="5" skipped="0" failures="0">
  <properties>
[...]
</properties>
  <testcase name="testParsingAndDeployment" classname="Projektarbeit.leihVorgang.nonarquillian.InMemoryH2Test" time="0.269">
    <error message="ENGINE-09005 Could not parse BPMN process. Errors: &#10;* cvc-complex-type.2.4.b: Content des Elements &apos;bpmn:dataOutputAssociation&apos; ist nicht vollständig. &apos;{&quot;http://www.omg.org/spec/BPMN/20100524/MODEL&quot;:documentation, &quot;http://www.omg.org/spec/BPMN/20100524/MODEL&quot;:extensionElements, &quot;http://www.omg.org/spec/BPMN/20100524/MODEL&quot;:sourceRef, &quot;http://www.omg.org/spec/BPMN/20100524/MODEL&quot;:targetRef}&apos; wird erwartet. | leihVorgang.bpmn | line 45 | column 37&#10;* cvc-complex-type.2.4.b: Content des Elements &apos;bpmn:dataInputAssociation&apos; ist nicht vollständig. &apos;{&quot;http://www.omg.org/spec/BPMN/20100524/MODEL&quot;:documentation, &quot;http://www.omg.org/spec/BPMN/20100524/MODEL&quot;:extensionElements, &quot;http://www.omg.org/spec/BPMN/20100524/MODEL&quot;:sourceRef, &quot;http://www.omg.org/spec/BPMN/20100524/MODEL&quot;:targetRef}&apos; wird erwartet. | leihVorgang.bpmn | line 116 | column 36&#10;* cvc-complex-type.2.4.b: Content des Elements &apos;bpmn:dataInputAssociation&apos; ist nicht vollständig. &apos;{&quot;http://www.omg.org/spec/BPMN/20100524/MODEL&quot;:documentation, &quot;http://www.omg.org/spec/BPMN/20100524/MODEL&quot;:extensionElements, &quot;http://www.omg.org/spec/BPMN/20100524/MODEL&quot;:sourceRef, &quot;http://www.omg.org/spec/BPMN/20100524/MODEL&quot;:targetRef}&apos; wird erwartet. | leihVorgang.bpmn | line 117 | column 36&#10;* cvc-complex-type.2.4.b: Content des Elements &apos;bpmn:dataInputAssociation&apos; ist nicht vollständig. &apos;{&quot;http://www.omg.org/spec/BPMN/20100524/MODEL&quot;:sourceRef, &quot;http://www.omg.org/spec/BPMN/20100524/MODEL&quot;:targetRef}&apos; wird erwartet. | leihVorgang.bpmn | line 120 | column 35&#10;* One of the attributes &apos;class&apos;, &apos;delegateExpression&apos;, &apos;type&apos;, or &apos;expression&apos; is mandatory on sendTask. | leihVorgang.bpmn | line 48 | column 63&#10;* One of the attributes &apos;class&apos;, &apos;delegateExpression&apos;, &apos;type&apos;, or &apos;expression&apos; is mandatory on sendTask. | leihVorgang.bpmn | line 82 | column 76&#10;* attribute &apos;messageRef&apos; is required | leihVorgang.bpmn | line 105 | column 38&#10;* Invalid &apos;messageRef&apos;: no message with id &apos;null&apos; found. | leihVorgang.bpmn | line 105 | column 38" type="org.camunda.bpm.engine.ProcessEngineException">org.camunda.bpm.engine.ProcessEngineException: ENGINE-09005 Could not parse BPMN process. Errors: 
* cvc-complex-type.2.4.b: Content des Elements 'bpmn:dataOutputAssociation' ist nicht vollständig. '{"http://www.omg.org/spec/BPMN/20100524/MODEL":documentation, "http://www.omg.org/spec/BPMN/20100524/MODEL":extensionElements, "http://www.omg.org/spec/BPMN/20100524/MODEL":sourceRef, "http://www.omg.org/spec/BPMN/20100524/MODEL":targetRef}' wird erwartet. | leihVorgang.bpmn | line 45 | column 37
* cvc-complex-type.2.4.b: Content des Elements 'bpmn:dataInputAssociation' ist nicht vollständig. '{"http://www.omg.org/spec/BPMN/20100524/MODEL":documentation, "http://www.omg.org/spec/BPMN/20100524/MODEL":extensionElements, "http://www.omg.org/spec/BPMN/20100524/MODEL":sourceRef, "http://www.omg.org/spec/BPMN/20100524/MODEL":targetRef}' wird erwartet. | leihVorgang.bpmn | line 116 | column 36
* cvc-complex-type.2.4.b: Content des Elements 'bpmn:dataInputAssociation' ist nicht vollständig. '{"http://www.omg.org/spec/BPMN/20100524/MODEL":documentation, "http://www.omg.org/spec/BPMN/20100524/MODEL":extensionElements, "http://www.omg.org/spec/BPMN/20100524/MODEL":sourceRef, "http://www.omg.org/spec/BPMN/20100524/MODEL":targetRef}' wird erwartet. | leihVorgang.bpmn | line 117 | column 36
* cvc-complex-type.2.4.b: Content des Elements 'bpmn:dataInputAssociation' ist nicht vollständig. '{"http://www.omg.org/spec/BPMN/20100524/MODEL":sourceRef, "http://www.omg.org/spec/BPMN/20100524/MODEL":targetRef}' wird erwartet. | leihVorgang.bpmn | line 120 | column 35
* One of the attributes 'class', 'delegateExpression', 'type', or 'expression' is mandatory on sendTask. | leihVorgang.bpmn | line 48 | column 63
* One of the attributes 'class', 'delegateExpression', 'type', or 'expression' is mandatory on sendTask. | leihVorgang.bpmn | line 82 | column 76
* attribute 'messageRef' is required | leihVorgang.bpmn | line 105 | column 38
* Invalid 'messageRef': no message with id 'null' found. | leihVorgang.bpmn | line 105 | column 38
	at org.camunda.bpm.engine.impl.util.EngineUtilLogger.exceptionDuringParsing(EngineUtilLogger.java:58)
	at org.camunda.bpm.engine.impl.util.xml.Parse.throwExceptionForErrors(Parse.java:191)
	at org.camunda.bpm.engine.impl.bpmn.parser.BpmnParse.execute(BpmnParse.java:266)
	at org.camunda.bpm.engine.impl.bpmn.deployer.BpmnDeployer.transformDefinitions(BpmnDeployer.java:101)
	at org.camunda.bpm.engine.impl.AbstractDefinitionDeployer.transformResource(AbstractDefinitionDeployer.java:96)
	at org.camunda.bpm.engine.impl.AbstractDefinitionDeployer.parseDefinitionResources(AbstractDefinitionDeployer.java:71)
	at org.camunda.bpm.engine.impl.AbstractDefinitionDeployer.deploy(AbstractDefinitionDeployer.java:61)
	at org.camunda.bpm.engine.impl.persistence.deploy.cache.CacheDeployer$1.call(CacheDeployer.java:50)
	at org.camunda.bpm.engine.impl.persistence.deploy.cache.CacheDeployer$1.call(CacheDeployer.java:47)
	at org.camunda.bpm.engine.impl.interceptor.CommandContext.runWithoutAuthorization(CommandContext.java:473)
	at org.camunda.bpm.engine.impl.persistence.deploy.cache.CacheDeployer.deploy(CacheDeployer.java:47)
	at org.camunda.bpm.engine.impl.persistence.deploy.cache.DeploymentCache.deploy(DeploymentCache.java:63)
	at org.camunda.bpm.engine.impl.persistence.entity.DeploymentManager.insertDeployment(DeploymentManager.java:51)
	at org.camunda.bpm.engine.impl.cmd.DeployCmd.deploy(DeployCmd.java:479)
	at org.camunda.bpm.engine.impl.cmd.DeployCmd$1.call(DeployCmd.java:138)
	at org.camunda.bpm.engine.impl.cmd.DeployCmd$1.call(DeployCmd.java:126)
	at org.camunda.bpm.engine.impl.interceptor.CommandContext.runWithoutAuthorization(CommandContext.java:473)
	at org.camunda.bpm.engine.impl.cmd.DeployCmd.doExecute(DeployCmd.java:126)
	at org.camunda.bpm.engine.impl.cmd.DeployCmd.execute(DeployCmd.java:92)
	at org.camunda.bpm.engine.impl.cmd.DeployCmd.execute(DeployCmd.java:72)
	at org.camunda.bpm.engine.impl.interceptor.CommandExecutorImpl.execute(CommandExecutorImpl.java:24)
	at org.camunda.bpm.engine.impl.interceptor.CommandContextInterceptor.execute(CommandContextInterceptor.java:104)
	at org.camunda.bpm.engine.impl.interceptor.ProcessApplicationContextInterceptor.execute(ProcessApplicationContextInterceptor.java:66)
	at org.camunda.bpm.engine.impl.interceptor.LogInterceptor.execute(LogInterceptor.java:30)
	at org.camunda.bpm.engine.impl.RepositoryServiceImpl.deployWithResult(RepositoryServiceImpl.java:100)
	at org.camunda.bpm.engine.impl.repository.DeploymentBuilderImpl.deployWithResult(DeploymentBuilderImpl.java:266)
	at org.camunda.bpm.engine.impl.repository.DeploymentBuilderImpl.deploy(DeploymentBuilderImpl.java:262)
	at org.camunda.bpm.engine.impl.test.TestHelper.annotationDeploymentSetUp(TestHelper.java:136)
	at org.camunda.bpm.engine.test.ProcessEngineRule.starting(ProcessEngineRule.java:146)
	at org.camunda.bpm.extension.process_test_coverage.junit.rules.TestCoverageProcessEngineRule.starting(TestCoverageProcessEngineRule.java:136)
	at org.junit.rules.TestWatcher.startingQuietly(TestWatcher.java:108)
	at org.junit.rules.TestWatcher.access$000(TestWatcher.java:46)
	at org.junit.rules.TestWatcher$1.evaluate(TestWatcher.java:53)
	at org.camunda.bpm.engine.test.ProcessEngineRule$1.evaluate(ProcessEngineRule.java:165)
	at org.junit.rules.RunRules.evaluate(RunRules.java:20)
	at org.junit.runners.ParentRunner.runLeaf(ParentRunner.java:325)
	at org.junit.runners.BlockJUnit4ClassRunner.runChild(BlockJUnit4ClassRunner.java:78)
	at org.junit.runners.BlockJUnit4ClassRunner.runChild(BlockJUnit4ClassRunner.java:57)
	at org.junit.runners.ParentRunner$3.run(ParentRunner.java:290)
	at org.junit.runners.ParentRunner$1.schedule(ParentRunner.java:71)
	at org.junit.runners.ParentRunner.runChildren(ParentRunner.java:288)
	at org.junit.runners.ParentRunner.access$000(ParentRunner.java:58)
	at org.junit.runners.ParentRunner$2.evaluate(ParentRunner.java:268)
	at org.junit.rules.TestWatcher$1.evaluate(TestWatcher.java:55)
	at org.camunda.bpm.engine.test.ProcessEngineRule$1.evaluate(ProcessEngineRule.java:165)
	at org.junit.rules.RunRules.evaluate(RunRules.java:20)
	at org.junit.runners.ParentRunner.run(ParentRunner.java:363)
	at org.apache.maven.surefire.junit4.JUnit4Provider.execute(JUnit4Provider.java:264)
	at org.apache.maven.surefire.junit4.JUnit4Provider.executeTestSet(JUnit4Provider.java:153)
	at org.apache.maven.surefire.junit4.JUnit4Provider.invoke(JUnit4Provider.java:124)
	at org.apache.maven.surefire.booter.ForkedBooter.invokeProviderInSameClassLoader(ForkedBooter.java:200)
	at org.apache.maven.surefire.booter.ForkedBooter.runSuitesInProcess(ForkedBooter.java:153)
	at org.apache.maven.surefire.booter.ForkedBooter.main(ForkedBooter.java:103)
</error>
    <system-out><![CDATA[17:49:10.782 [main] DEBUG org.camunda.bpm.engine.test - ==== BUILDING PROCESS ENGINE ========================================================================
17:49:10.878 [main] INFO  o.s.b.f.xml.XmlBeanDefinitionReader - Loading XML bean definitions from class path resource [camunda.cfg.xml]
17:49:11.439 [main] INFO  org.camunda.bpm.engine.cfg - ENGINE-12003 Plugin 'SpinProcessEnginePlugin' activated on process engine 'default'
17:49:11.446 [main] INFO  org.camunda.spin - SPIN-01010 Discovered Spin data format provider: org.camunda.spin.impl.json.jackson.format.JacksonJsonDataFormatProvider[name = application/json]
17:49:11.612 [main] INFO  org.camunda.spin - SPIN-01010 Discovered Spin data format provider: org.camunda.spin.impl.xml.dom.format.DomXmlDataFormatProvider[name = application/xml]
17:49:11.624 [main] INFO  org.camunda.spin - SPIN-01009 Discovered Spin data format: org.camunda.spin.impl.xml.dom.format.DomXmlDataFormat[name = application/xml]
17:49:11.624 [main] INFO  org.camunda.spin - SPIN-01009 Discovered Spin data format: org.camunda.spin.impl.json.jackson.format.JacksonJsonDataFormat[name = application/json]
17:49:14.780 [main] INFO  org.camunda.bpm.engine.persistence - ENGINE-03016 Performing database operation 'create' on component 'engine' with resource 'org/camunda/bpm/engine/db/create/activiti.h2.create.engine.sql'
17:49:14.792 [main] INFO  org.camunda.bpm.engine.persistence - ENGINE-03016 Performing database operation 'create' on component 'history' with resource 'org/camunda/bpm/engine/db/create/activiti.h2.create.history.sql'
17:49:14.800 [main] INFO  org.camunda.bpm.engine.persistence - ENGINE-03016 Performing database operation 'create' on component 'identity' with resource 'org/camunda/bpm/engine/db/create/activiti.h2.create.identity.sql'
17:49:14.809 [main] INFO  org.camunda.bpm.engine.persistence - ENGINE-03016 Performing database operation 'create' on component 'case.engine' with resource 'org/camunda/bpm/engine/db/create/activiti.h2.create.case.engine.sql'
17:49:14.813 [main] INFO  org.camunda.bpm.engine.persistence - ENGINE-03016 Performing database operation 'create' on component 'case.history' with resource 'org/camunda/bpm/engine/db/create/activiti.h2.create.case.history.sql'
17:49:14.816 [main] INFO  org.camunda.bpm.engine.persistence - ENGINE-03016 Performing database operation 'create' on component 'decision.engine' with resource 'org/camunda/bpm/engine/db/create/activiti.h2.create.decision.engine.sql'
17:49:14.821 [main] INFO  org.camunda.bpm.engine.persistence - ENGINE-03016 Performing database operation 'create' on component 'decision.history' with resource 'org/camunda/bpm/engine/db/create/activiti.h2.create.decision.history.sql'
17:49:14.877 [main] INFO  org.camunda.bpm.engine.persistence - ENGINE-03067 No history level property found in database
17:49:14.877 [main] INFO  org.camunda.bpm.engine.persistence - ENGINE-03065 Creating historyLevel property in database for level: HistoryLevelFull(name=full, id=3)
17:49:14.884 [main] INFO  org.camunda.bpm.engine - ENGINE-00001 Process Engine default created.
17:49:14.895 [main] DEBUG org.camunda.bpm.engine.test - ==== PROCESS ENGINE CREATED =========================================================================
17:49:14.902 [main] DEBUG org.camunda.bpm.engine.test - annotation @Deployment creates deployment for InMemoryH2Test.testParsingAndDeployment
17:49:15.087 [main] ERROR org.camunda.bpm.engine.bpmn.parser - ENGINE-01004 Unexpected Exception with message: null 
17:49:15.094 [main] ERROR org.camunda.bpm.engine.context - ENGINE-16004 Exception while closing command context: ENGINE-09005 Could not parse BPMN process. Errors: 
* cvc-complex-type.2.4.b: Content des Elements 'bpmn:dataOutputAssociation' ist nicht vollständig. '{"http://www.omg.org/spec/BPMN/20100524/MODEL":documentation, "http://www.omg.org/spec/BPMN/20100524/MODEL":extensionElements, "http://www.omg.org/spec/BPMN/20100524/MODEL":sourceRef, "http://www.omg.org/spec/BPMN/20100524/MODEL":targetRef}' wird erwartet. | leihVorgang.bpmn | line 45 | column 37
* cvc-complex-type.2.4.b: Content des Elements 'bpmn:dataInputAssociation' ist nicht vollständig. '{"http://www.omg.org/spec/BPMN/20100524/MODEL":documentation, "http://www.omg.org/spec/BPMN/20100524/MODEL":extensionElements, "http://www.omg.org/spec/BPMN/20100524/MODEL":sourceRef, "http://www.omg.org/spec/BPMN/20100524/MODEL":targetRef}' wird erwartet. | leihVorgang.bpmn | line 116 | column 36
* cvc-complex-type.2.4.b: Content des Elements 'bpmn:dataInputAssociation' ist nicht vollständig. '{"http://www.omg.org/spec/BPMN/20100524/MODEL":documentation, "http://www.omg.org/spec/BPMN/20100524/MODEL":extensionElements, "http://www.omg.org/spec/BPMN/20100524/MODEL":sourceRef, "http://www.omg.org/spec/BPMN/20100524/MODEL":targetRef}' wird erwartet. | leihVorgang.bpmn | line 117 | column 36
* cvc-complex-type.2.4.b: Content des Elements 'bpmn:dataInputAssociation' ist nicht vollständig. '{"http://www.omg.org/spec/BPMN/20100524/MODEL":sourceRef, "http://www.omg.org/spec/BPMN/20100524/MODEL":targetRef}' wird erwartet. | leihVorgang.bpmn | line 120 | column 35
* One of the attributes 'class', 'delegateExpression', 'type', or 'expression' is mandatory on sendTask. | leihVorgang.bpmn | line 48 | column 63
* One of the attributes 'class', 'delegateExpression', 'type', or 'expression' is mandatory on sendTask. | leihVorgang.bpmn | line 82 | column 76
* attribute 'messageRef' is required | leihVorgang.bpmn | line 105 | column 38
* Invalid 'messageRef': no message with id 'null' found. | leihVorgang.bpmn | line 105 | column 38
org.camunda.bpm.engine.ProcessEngineException: ENGINE-09005 Could not parse BPMN process. Errors: 
* cvc-complex-type.2.4.b: Content des Elements 'bpmn:dataOutputAssociation' ist nicht vollständig. '{"http://www.omg.org/spec/BPMN/20100524/MODEL":documentation, "http://www.omg.org/spec/BPMN/20100524/MODEL":extensionElements, "http://www.omg.org/spec/BPMN/20100524/MODEL":sourceRef, "http://www.omg.org/spec/BPMN/20100524/MODEL":targetRef}' wird erwartet. | leihVorgang.bpmn | line 45 | column 37
* cvc-complex-type.2.4.b: Content des Elements 'bpmn:dataInputAssociation' ist nicht vollständig. '{"http://www.omg.org/spec/BPMN/20100524/MODEL":documentation, "http://www.omg.org/spec/BPMN/20100524/MODEL":extensionElements, "http://www.omg.org/spec/BPMN/20100524/MODEL":sourceRef, "http://www.omg.org/spec/BPMN/20100524/MODEL":targetRef}' wird erwartet. | leihVorgang.bpmn | line 116 | column 36
* cvc-complex-type.2.4.b: Content des Elements 'bpmn:dataInputAssociation' ist nicht vollständig. '{"http://www.omg.org/spec/BPMN/20100524/MODEL":documentation, "http://www.omg.org/spec/BPMN/20100524/MODEL":extensionElements, "http://www.omg.org/spec/BPMN/20100524/MODEL":sourceRef, "http://www.omg.org/spec/BPMN/20100524/MODEL":targetRef}' wird erwartet. | leihVorgang.bpmn | line 117 | column 36
* cvc-complex-type.2.4.b: Content des Elements 'bpmn:dataInputAssociation' ist nicht vollständig. '{"http://www.omg.org/spec/BPMN/20100524/MODEL":sourceRef, "http://www.omg.org/spec/BPMN/20100524/MODEL":targetRef}' wird erwartet. | leihVorgang.bpmn | line 120 | column 35
* One of the attributes 'class', 'delegateExpression', 'type', or 'expression' is mandatory on sendTask. | leihVorgang.bpmn | line 48 | column 63
* One of the attributes 'class', 'delegateExpression', 'type', or 'expression' is mandatory on sendTask. | leihVorgang.bpmn | line 82 | column 76
* attribute 'messageRef' is required | leihVorgang.bpmn | line 105 | column 38
* Invalid 'messageRef': no message with id 'null' found. | leihVorgang.bpmn | line 105 | column 38
	at org.camunda.bpm.engine.impl.util.EngineUtilLogger.exceptionDuringParsing(EngineUtilLogger.java:58) ~[camunda-engine-7.8.0.jar:7.8.0]
	at org.camunda.bpm.engine.impl.util.xml.Parse.throwExceptionForErrors(Parse.java:191) ~[camunda-engine-7.8.0.jar:7.8.0]
	at org.camunda.bpm.engine.impl.bpmn.parser.BpmnParse.execute(BpmnParse.java:266) ~[camunda-engine-7.8.0.jar:7.8.0]
	at org.camunda.bpm.engine.impl.bpmn.deployer.BpmnDeployer.transformDefinitions(BpmnDeployer.java:101) ~[camunda-engine-7.8.0.jar:7.8.0]
	at org.camunda.bpm.engine.impl.AbstractDefinitionDeployer.transformResource(AbstractDefinitionDeployer.java:96) ~[camunda-engine-7.8.0.jar:7.8.0]
	at org.camunda.bpm.engine.impl.AbstractDefinitionDeployer.parseDefinitionResources(AbstractDefinitionDeployer.java:71) ~[camunda-engine-7.8.0.jar:7.8.0]
	at org.camunda.bpm.engine.impl.AbstractDefinitionDeployer.deploy(AbstractDefinitionDeployer.java:61) ~[camunda-engine-7.8.0.jar:7.8.0]
	at org.camunda.bpm.engine.impl.persistence.deploy.cache.CacheDeployer$1.call(CacheDeployer.java:50) ~[camunda-engine-7.8.0.jar:7.8.0]
	at org.camunda.bpm.engine.impl.persistence.deploy.cache.CacheDeployer$1.call(CacheDeployer.java:47) ~[camunda-engine-7.8.0.jar:7.8.0]
	at org.camunda.bpm.engine.impl.interceptor.CommandContext.runWithoutAuthorization(CommandContext.java:473) ~[camunda-engine-7.8.0.jar:7.8.0]
	at org.camunda.bpm.engine.impl.persistence.deploy.cache.CacheDeployer.deploy(CacheDeployer.java:47) ~[camunda-engine-7.8.0.jar:7.8.0]
	at org.camunda.bpm.engine.impl.persistence.deploy.cache.DeploymentCache.deploy(DeploymentCache.java:63) ~[camunda-engine-7.8.0.jar:7.8.0]
	at org.camunda.bpm.engine.impl.persistence.entity.DeploymentManager.insertDeployment(DeploymentManager.java:51) ~[camunda-engine-7.8.0.jar:7.8.0]
	at org.camunda.bpm.engine.impl.cmd.DeployCmd.deploy(DeployCmd.java:479) ~[camunda-engine-7.8.0.jar:7.8.0]
	at org.camunda.bpm.engine.impl.cmd.DeployCmd$1.call(DeployCmd.java:138) ~[camunda-engine-7.8.0.jar:7.8.0]
	at org.camunda.bpm.engine.impl.cmd.DeployCmd$1.call(DeployCmd.java:126) ~[camunda-engine-7.8.0.jar:7.8.0]
	at org.camunda.bpm.engine.impl.interceptor.CommandContext.runWithoutAuthorization(CommandContext.java:473) ~[camunda-engine-7.8.0.jar:7.8.0]
	at org.camunda.bpm.engine.impl.cmd.DeployCmd.doExecute(DeployCmd.java:126) ~[camunda-engine-7.8.0.jar:7.8.0]
	at org.camunda.bpm.engine.impl.cmd.DeployCmd.execute(DeployCmd.java:92) ~[camunda-engine-7.8.0.jar:7.8.0]
	at org.camunda.bpm.engine.impl.cmd.DeployCmd.execute(DeployCmd.java:72) ~[camunda-engine-7.8.0.jar:7.8.0]
	at org.camunda.bpm.engine.impl.interceptor.CommandExecutorImpl.execute(CommandExecutorImpl.java:24) ~[camunda-engine-7.8.0.jar:7.8.0]
	at org.camunda.bpm.engine.impl.interceptor.CommandContextInterceptor.execute(CommandContextInterceptor.java:104) ~[camunda-engine-7.8.0.jar:7.8.0]
	at org.camunda.bpm.engine.impl.interceptor.ProcessApplicationContextInterceptor.execute(ProcessApplicationContextInterceptor.java:66) [camunda-engine-7.8.0.jar:7.8.0]
	at org.camunda.bpm.engine.impl.interceptor.LogInterceptor.execute(LogInterceptor.java:30) [camunda-engine-7.8.0.jar:7.8.0]
	at org.camunda.bpm.engine.impl.RepositoryServiceImpl.deployWithResult(RepositoryServiceImpl.java:100) [camunda-engine-7.8.0.jar:7.8.0]
	at org.camunda.bpm.engine.impl.repository.DeploymentBuilderImpl.deployWithResult(DeploymentBuilderImpl.java:266) [camunda-engine-7.8.0.jar:7.8.0]
	at org.camunda.bpm.engine.impl.repository.DeploymentBuilderImpl.deploy(DeploymentBuilderImpl.java:262) [camunda-engine-7.8.0.jar:7.8.0]
	at org.camunda.bpm.engine.impl.test.TestHelper.annotationDeploymentSetUp(TestHelper.java:136) [camunda-engine-7.8.0.jar:7.8.0]
	at org.camunda.bpm.engine.test.ProcessEngineRule.starting(ProcessEngineRule.java:146) [camunda-engine-7.8.0.jar:7.8.0]
	at org.camunda.bpm.extension.process_test_coverage.junit.rules.TestCoverageProcessEngineRule.starting(TestCoverageProcessEngineRule.java:136) [camunda-bpm-process-test-coverage-0.3.2.jar:0.3.2]
	at org.junit.rules.TestWatcher.startingQuietly(TestWatcher.java:108) [junit-4.12.jar:4.12]
	at org.junit.rules.TestWatcher.access$000(TestWatcher.java:46) [junit-4.12.jar:4.12]
	at org.junit.rules.TestWatcher$1.evaluate(TestWatcher.java:53) [junit-4.12.jar:4.12]
	at org.camunda.bpm.engine.test.ProcessEngineRule$1.evaluate(ProcessEngineRule.java:165) [camunda-engine-7.8.0.jar:7.8.0]
	at org.junit.rules.RunRules.evaluate(RunRules.java:20) [junit-4.12.jar:4.12]
	at org.junit.runners.ParentRunner.runLeaf(ParentRunner.java:325) [junit-4.12.jar:4.12]
	at org.junit.runners.BlockJUnit4ClassRunner.runChild(BlockJUnit4ClassRunner.java:78) [junit-4.12.jar:4.12]
	at org.junit.runners.BlockJUnit4ClassRunner.runChild(BlockJUnit4ClassRunner.java:57) [junit-4.12.jar:4.12]
	at org.junit.runners.ParentRunner$3.run(ParentRunner.java:290) [junit-4.12.jar:4.12]
	at org.junit.runners.ParentRunner$1.schedule(ParentRunner.java:71) [junit-4.12.jar:4.12]
	at org.junit.runners.ParentRunner.runChildren(ParentRunner.java:288) [junit-4.12.jar:4.12]
	at org.junit.runners.ParentRunner.access$000(ParentRunner.java:58) [junit-4.12.jar:4.12]
	at org.junit.runners.ParentRunner$2.evaluate(ParentRunner.java:268) [junit-4.12.jar:4.12]
	at org.junit.rules.TestWatcher$1.evaluate(TestWatcher.java:55) [junit-4.12.jar:4.12]
	at org.camunda.bpm.engine.test.ProcessEngineRule$1.evaluate(ProcessEngineRule.java:165) [camunda-engine-7.8.0.jar:7.8.0]
	at org.junit.rules.RunRules.evaluate(RunRules.java:20) [junit-4.12.jar:4.12]
	at org.junit.runners.ParentRunner.run(ParentRunner.java:363) [junit-4.12.jar:4.12]
	at org.apache.maven.surefire.junit4.JUnit4Provider.execute(JUnit4Provider.java:264) [surefire-junit4-2.17.jar:2.17]
	at org.apache.maven.surefire.junit4.JUnit4Provider.executeTestSet(JUnit4Provider.java:153) [surefire-junit4-2.17.jar:2.17]
	at org.apache.maven.surefire.junit4.JUnit4Provider.invoke(JUnit4Provider.java:124) [surefire-junit4-2.17.jar:2.17]
	at org.apache.maven.surefire.booter.ForkedBooter.invokeProviderInSameClassLoader(ForkedBooter.java:200) [surefire-booter-2.17.jar:2.17]
	at org.apache.maven.surefire.booter.ForkedBooter.runSuitesInProcess(ForkedBooter.java:153) [surefire-booter-2.17.jar:2.17]
	at org.apache.maven.surefire.booter.ForkedBooter.main(ForkedBooter.java:103) [surefire-booter-2.17.jar:2.17]
]]></system-out>
    <system-err><![CDATA[Jan 03, 2018 5:49:15 PM org.camunda.bpm.extension.process_test_coverage.junit.rules.TestCoverageProcessEngineRule succeeded
INFORMATION: testParsingAndDeployment(Projektarbeit.leihVorgang.nonarquillian.InMemoryH2Test) succeeded.
]]></system-err>
  </testcase>
  <testcase name="testParsingAndDeployment" classname="Projektarbeit.leihVorgang.nonarquillian.InMemoryH2Test" time="0.271">
    <error type="java.lang.NullPointerException:">java.lang.NullPointerException: null
	at org.camunda.bpm.extension.process_test_coverage.junit.rules.TestCoverageProcessEngineRule.handleTestMethodCoverage(TestCoverageProcessEngineRule.java:307)
	at org.camunda.bpm.extension.process_test_coverage.junit.rules.TestCoverageProcessEngineRule.finished(TestCoverageProcessEngineRule.java:144)
	at org.junit.rules.TestWatcher.finishedQuietly(TestWatcher.java:117)
	at org.junit.rules.TestWatcher.access$400(TestWatcher.java:46)
	at org.junit.rules.TestWatcher$1.evaluate(TestWatcher.java:64)
	at org.camunda.bpm.engine.test.ProcessEngineRule$1.evaluate(ProcessEngineRule.java:165)
	at org.junit.rules.RunRules.evaluate(RunRules.java:20)
	at org.junit.runners.ParentRunner.runLeaf(ParentRunner.java:325)
	at org.junit.runners.BlockJUnit4ClassRunner.runChild(BlockJUnit4ClassRunner.java:78)
	at org.junit.runners.BlockJUnit4ClassRunner.runChild(BlockJUnit4ClassRunner.java:57)
	at org.junit.runners.ParentRunner$3.run(ParentRunner.java:290)
	at org.junit.runners.ParentRunner$1.schedule(ParentRunner.java:71)
	at org.junit.runners.ParentRunner.runChildren(ParentRunner.java:288)
	at org.junit.runners.ParentRunner.access$000(ParentRunner.java:58)
	at org.junit.runners.ParentRunner$2.evaluate(ParentRunner.java:268)
	at org.junit.rules.TestWatcher$1.evaluate(TestWatcher.java:55)
	at org.camunda.bpm.engine.test.ProcessEngineRule$1.evaluate(ProcessEngineRule.java:165)
	at org.junit.rules.RunRules.evaluate(RunRules.java:20)
	at org.junit.runners.ParentRunner.run(ParentRunner.java:363)
	at org.apache.maven.surefire.junit4.JUnit4Provider.execute(JUnit4Provider.java:264)
	at org.apache.maven.surefire.junit4.JUnit4Provider.executeTestSet(JUnit4Provider.java:153)
	at org.apache.maven.surefire.junit4.JUnit4Provider.invoke(JUnit4Provider.java:124)
	at org.apache.maven.surefire.booter.ForkedBooter.invokeProviderInSameClassLoader(ForkedBooter.java:200)
	at org.apache.maven.surefire.booter.ForkedBooter.runSuitesInProcess(ForkedBooter.java:153)
	at org.apache.maven.surefire.booter.ForkedBooter.main(ForkedBooter.java:103)
</error>
  </testcase>
  <testcase name="testHappyPath" classname="Projektarbeit.leihVorgang.nonarquillian.InMemoryH2Test" time="0.094">
    <error message="ENGINE-09005 Could not parse BPMN process. Errors: &#10;* cvc-complex-type.2.4.b: Content des Elements &apos;bpmn:dataOutputAssociation&apos; ist nicht vollständig. &apos;{&quot;http://www.omg.org/spec/BPMN/20100524/MODEL&quot;:documentation, &quot;http://www.omg.org/spec/BPMN/20100524/MODEL&quot;:extensionElements, &quot;http://www.omg.org/spec/BPMN/20100524/MODEL&quot;:sourceRef, &quot;http://www.omg.org/spec/BPMN/20100524/MODEL&quot;:targetRef}&apos; wird erwartet. | leihVorgang.bpmn | line 45 | column 37&#10;* cvc-complex-type.2.4.b: Content des Elements &apos;bpmn:dataInputAssociation&apos; ist nicht vollständig. &apos;{&quot;http://www.omg.org/spec/BPMN/20100524/MODEL&quot;:documentation, &quot;http://www.omg.org/spec/BPMN/20100524/MODEL&quot;:extensionElements, &quot;http://www.omg.org/spec/BPMN/20100524/MODEL&quot;:sourceRef, &quot;http://www.omg.org/spec/BPMN/20100524/MODEL&quot;:targetRef}&apos; wird erwartet. | leihVorgang.bpmn | line 116 | column 36&#10;* cvc-complex-type.2.4.b: Content des Elements &apos;bpmn:dataInputAssociation&apos; ist nicht vollständig. &apos;{&quot;http://www.omg.org/spec/BPMN/20100524/MODEL&quot;:documentation, &quot;http://www.omg.org/spec/BPMN/20100524/MODEL&quot;:extensionElements, &quot;http://www.omg.org/spec/BPMN/20100524/MODEL&quot;:sourceRef, &quot;http://www.omg.org/spec/BPMN/20100524/MODEL&quot;:targetRef}&apos; wird erwartet. | leihVorgang.bpmn | line 117 | column 36&#10;* cvc-complex-type.2.4.b: Content des Elements &apos;bpmn:dataInputAssociation&apos; ist nicht vollständig. &apos;{&quot;http://www.omg.org/spec/BPMN/20100524/MODEL&quot;:sourceRef, &quot;http://www.omg.org/spec/BPMN/20100524/MODEL&quot;:targetRef}&apos; wird erwartet. | leihVorgang.bpmn | line 120 | column 35&#10;* One of the attributes &apos;class&apos;, &apos;delegateExpression&apos;, &apos;type&apos;, or &apos;expression&apos; is mandatory on sendTask. | leihVorgang.bpmn | line 48 | column 63&#10;* One of the attributes &apos;class&apos;, &apos;delegateExpression&apos;, &apos;type&apos;, or &apos;expression&apos; is mandatory on sendTask. | leihVorgang.bpmn | line 82 | column 76&#10;* attribute &apos;messageRef&apos; is required | leihVorgang.bpmn | line 105 | column 38&#10;* Invalid &apos;messageRef&apos;: no message with id &apos;null&apos; found. | leihVorgang.bpmn | line 105 | column 38" type="org.camunda.bpm.engine.ProcessEngineException">org.camunda.bpm.engine.ProcessEngineException: ENGINE-09005 Could not parse BPMN process. Errors: 
* cvc-complex-type.2.4.b: Content des Elements 'bpmn:dataOutputAssociation' ist nicht vollständig. '{"http://www.omg.org/spec/BPMN/20100524/MODEL":documentation, "http://www.omg.org/spec/BPMN/20100524/MODEL":extensionElements, "http://www.omg.org/spec/BPMN/20100524/MODEL":sourceRef, "http://www.omg.org/spec/BPMN/20100524/MODEL":targetRef}' wird erwartet. | leihVorgang.bpmn | line 45 | column 37
* cvc-complex-type.2.4.b: Content des Elements 'bpmn:dataInputAssociation' ist nicht vollständig. '{"http://www.omg.org/spec/BPMN/20100524/MODEL":documentation, "http://www.omg.org/spec/BPMN/20100524/MODEL":extensionElements, "http://www.omg.org/spec/BPMN/20100524/MODEL":sourceRef, "http://www.omg.org/spec/BPMN/20100524/MODEL":targetRef}' wird erwartet. | leihVorgang.bpmn | line 116 | column 36
* cvc-complex-type.2.4.b: Content des Elements 'bpmn:dataInputAssociation' ist nicht vollständig. '{"http://www.omg.org/spec/BPMN/20100524/MODEL":documentation, "http://www.omg.org/spec/BPMN/20100524/MODEL":extensionElements, "http://www.omg.org/spec/BPMN/20100524/MODEL":sourceRef, "http://www.omg.org/spec/BPMN/20100524/MODEL":targetRef}' wird erwartet. | leihVorgang.bpmn | line 117 | column 36
* cvc-complex-type.2.4.b: Content des Elements 'bpmn:dataInputAssociation' ist nicht vollständig. '{"http://www.omg.org/spec/BPMN/20100524/MODEL":sourceRef, "http://www.omg.org/spec/BPMN/20100524/MODEL":targetRef}' wird erwartet. | leihVorgang.bpmn | line 120 | column 35
* One of the attributes 'class', 'delegateExpression', 'type', or 'expression' is mandatory on sendTask. | leihVorgang.bpmn | line 48 | column 63
* One of the attributes 'class', 'delegateExpression', 'type', or 'expression' is mandatory on sendTask. | leihVorgang.bpmn | line 82 | column 76
* attribute 'messageRef' is required | leihVorgang.bpmn | line 105 | column 38
* Invalid 'messageRef': no message with id 'null' found. | leihVorgang.bpmn | line 105 | column 38
	at org.camunda.bpm.engine.impl.util.EngineUtilLogger.exceptionDuringParsing(EngineUtilLogger.java:58)
	at org.camunda.bpm.engine.impl.util.xml.Parse.throwExceptionForErrors(Parse.java:191)
	at org.camunda.bpm.engine.impl.bpmn.parser.BpmnParse.execute(BpmnParse.java:266)
	at org.camunda.bpm.engine.impl.bpmn.deployer.BpmnDeployer.transformDefinitions(BpmnDeployer.java:101)
	at org.camunda.bpm.engine.impl.AbstractDefinitionDeployer.transformResource(AbstractDefinitionDeployer.java:96)
	at org.camunda.bpm.engine.impl.AbstractDefinitionDeployer.parseDefinitionResources(AbstractDefinitionDeployer.java:71)
	at org.camunda.bpm.engine.impl.AbstractDefinitionDeployer.deploy(AbstractDefinitionDeployer.java:61)
	at org.camunda.bpm.engine.impl.persistence.deploy.cache.CacheDeployer$1.call(CacheDeployer.java:50)
	at org.camunda.bpm.engine.impl.persistence.deploy.cache.CacheDeployer$1.call(CacheDeployer.java:47)
	at org.camunda.bpm.engine.impl.interceptor.CommandContext.runWithoutAuthorization(CommandContext.java:473)
	at org.camunda.bpm.engine.impl.persistence.deploy.cache.CacheDeployer.deploy(CacheDeployer.java:47)
	at org.camunda.bpm.engine.impl.persistence.deploy.cache.DeploymentCache.deploy(DeploymentCache.java:63)
	at org.camunda.bpm.engine.impl.persistence.entity.DeploymentManager.insertDeployment(DeploymentManager.java:51)
	at org.camunda.bpm.engine.impl.cmd.DeployCmd.deploy(DeployCmd.java:479)
	at org.camunda.bpm.engine.impl.cmd.DeployCmd$1.call(DeployCmd.java:138)
	at org.camunda.bpm.engine.impl.cmd.DeployCmd$1.call(DeployCmd.java:126)
	at org.camunda.bpm.engine.impl.interceptor.CommandContext.runWithoutAuthorization(CommandContext.java:473)
	at org.camunda.bpm.engine.impl.cmd.DeployCmd.doExecute(DeployCmd.java:126)
	at org.camunda.bpm.engine.impl.cmd.DeployCmd.execute(DeployCmd.java:92)
	at org.camunda.bpm.engine.impl.cmd.DeployCmd.execute(DeployCmd.java:72)
	at org.camunda.bpm.engine.impl.interceptor.CommandExecutorImpl.execute(CommandExecutorImpl.java:24)
	at org.camunda.bpm.engine.impl.interceptor.CommandContextInterceptor.execute(CommandContextInterceptor.java:104)
	at org.camunda.bpm.engine.impl.interceptor.ProcessApplicationContextInterceptor.execute(ProcessApplicationContextInterceptor.java:66)
	at org.camunda.bpm.engine.impl.interceptor.LogInterceptor.execute(LogInterceptor.java:30)
	at org.camunda.bpm.engine.impl.RepositoryServiceImpl.deployWithResult(RepositoryServiceImpl.java:100)
	at org.camunda.bpm.engine.impl.repository.DeploymentBuilderImpl.deployWithResult(DeploymentBuilderImpl.java:266)
	at org.camunda.bpm.engine.impl.repository.DeploymentBuilderImpl.deploy(DeploymentBuilderImpl.java:262)
	at org.camunda.bpm.engine.impl.test.TestHelper.annotationDeploymentSetUp(TestHelper.java:136)
	at org.camunda.bpm.engine.test.ProcessEngineRule.starting(ProcessEngineRule.java:146)
	at org.camunda.bpm.extension.process_test_coverage.junit.rules.TestCoverageProcessEngineRule.starting(TestCoverageProcessEngineRule.java:136)
	at org.junit.rules.TestWatcher.startingQuietly(TestWatcher.java:108)
	at org.junit.rules.TestWatcher.access$000(TestWatcher.java:46)
	at org.junit.rules.TestWatcher$1.evaluate(TestWatcher.java:53)
	at org.camunda.bpm.engine.test.ProcessEngineRule$1.evaluate(ProcessEngineRule.java:165)
	at org.junit.rules.RunRules.evaluate(RunRules.java:20)
	at org.junit.runners.ParentRunner.runLeaf(ParentRunner.java:325)
	at org.junit.runners.BlockJUnit4ClassRunner.runChild(BlockJUnit4ClassRunner.java:78)
	at org.junit.runners.BlockJUnit4ClassRunner.runChild(BlockJUnit4ClassRunner.java:57)
	at org.junit.runners.ParentRunner$3.run(ParentRunner.java:290)
	at org.junit.runners.ParentRunner$1.schedule(ParentRunner.java:71)
	at org.junit.runners.ParentRunner.runChildren(ParentRunner.java:288)
	at org.junit.runners.ParentRunner.access$000(ParentRunner.java:58)
	at org.junit.runners.ParentRunner$2.evaluate(ParentRunner.java:268)
	at org.junit.rules.TestWatcher$1.evaluate(TestWatcher.java:55)
	at org.camunda.bpm.engine.test.ProcessEngineRule$1.evaluate(ProcessEngineRule.java:165)
	at org.junit.rules.RunRules.evaluate(RunRules.java:20)
	at org.junit.runners.ParentRunner.run(ParentRunner.java:363)
	at org.apache.maven.surefire.junit4.JUnit4Provider.execute(JUnit4Provider.java:264)
	at org.apache.maven.surefire.junit4.JUnit4Provider.executeTestSet(JUnit4Provider.java:153)
	at org.apache.maven.surefire.junit4.JUnit4Provider.invoke(JUnit4Provider.java:124)
	at org.apache.maven.surefire.booter.ForkedBooter.invokeProviderInSameClassLoader(ForkedBooter.java:200)
	at org.apache.maven.surefire.booter.ForkedBooter.runSuitesInProcess(ForkedBooter.java:153)
	at org.apache.maven.surefire.booter.ForkedBooter.main(ForkedBooter.java:103)
</error>
    <system-out><![CDATA[17:49:15.169 [main] DEBUG org.camunda.bpm.engine.test - annotation @Deployment creates deployment for InMemoryH2Test.testHappyPath
17:49:15.220 [main] ERROR org.camunda.bpm.engine.bpmn.parser - ENGINE-01004 Unexpected Exception with message: null 
17:49:15.244 [main] ERROR org.camunda.bpm.engine.context - ENGINE-16004 Exception while closing command context: ENGINE-09005 Could not parse BPMN process. Errors: 
* cvc-complex-type.2.4.b: Content des Elements 'bpmn:dataOutputAssociation' ist nicht vollständig. '{"http://www.omg.org/spec/BPMN/20100524/MODEL":documentation, "http://www.omg.org/spec/BPMN/20100524/MODEL":extensionElements, "http://www.omg.org/spec/BPMN/20100524/MODEL":sourceRef, "http://www.omg.org/spec/BPMN/20100524/MODEL":targetRef}' wird erwartet. | leihVorgang.bpmn | line 45 | column 37
* cvc-complex-type.2.4.b: Content des Elements 'bpmn:dataInputAssociation' ist nicht vollständig. '{"http://www.omg.org/spec/BPMN/20100524/MODEL":documentation, "http://www.omg.org/spec/BPMN/20100524/MODEL":extensionElements, "http://www.omg.org/spec/BPMN/20100524/MODEL":sourceRef, "http://www.omg.org/spec/BPMN/20100524/MODEL":targetRef}' wird erwartet. | leihVorgang.bpmn | line 116 | column 36
* cvc-complex-type.2.4.b: Content des Elements 'bpmn:dataInputAssociation' ist nicht vollständig. '{"http://www.omg.org/spec/BPMN/20100524/MODEL":documentation, "http://www.omg.org/spec/BPMN/20100524/MODEL":extensionElements, "http://www.omg.org/spec/BPMN/20100524/MODEL":sourceRef, "http://www.omg.org/spec/BPMN/20100524/MODEL":targetRef}' wird erwartet. | leihVorgang.bpmn | line 117 | column 36
* cvc-complex-type.2.4.b: Content des Elements 'bpmn:dataInputAssociation' ist nicht vollständig. '{"http://www.omg.org/spec/BPMN/20100524/MODEL":sourceRef, "http://www.omg.org/spec/BPMN/20100524/MODEL":targetRef}' wird erwartet. | leihVorgang.bpmn | line 120 | column 35
* One of the attributes 'class', 'delegateExpression', 'type', or 'expression' is mandatory on sendTask. | leihVorgang.bpmn | line 48 | column 63
* One of the attributes 'class', 'delegateExpression', 'type', or 'expression' is mandatory on sendTask. | leihVorgang.bpmn | line 82 | column 76
* attribute 'messageRef' is required | leihVorgang.bpmn | line 105 | column 38
* Invalid 'messageRef': no message with id 'null' found. | leihVorgang.bpmn | line 105 | column 38
org.camunda.bpm.engine.ProcessEngineException: ENGINE-09005 Could not parse BPMN process. Errors: 
* cvc-complex-type.2.4.b: Content des Elements 'bpmn:dataOutputAssociation' ist nicht vollständig. '{"http://www.omg.org/spec/BPMN/20100524/MODEL":documentation, "http://www.omg.org/spec/BPMN/20100524/MODEL":extensionElements, "http://www.omg.org/spec/BPMN/20100524/MODEL":sourceRef, "http://www.omg.org/spec/BPMN/20100524/MODEL":targetRef}' wird erwartet. | leihVorgang.bpmn | line 45 | column 37
* cvc-complex-type.2.4.b: Content des Elements 'bpmn:dataInputAssociation' ist nicht vollständig. '{"http://www.omg.org/spec/BPMN/20100524/MODEL":documentation, "http://www.omg.org/spec/BPMN/20100524/MODEL":extensionElements, "http://www.omg.org/spec/BPMN/20100524/MODEL":sourceRef, "http://www.omg.org/spec/BPMN/20100524/MODEL":targetRef}' wird erwartet. | leihVorgang.bpmn | line 116 | column 36
* cvc-complex-type.2.4.b: Content des Elements 'bpmn:dataInputAssociation' ist nicht vollständig. '{"http://www.omg.org/spec/BPMN/20100524/MODEL":documentation, "http://www.omg.org/spec/BPMN/20100524/MODEL":extensionElements, "http://www.omg.org/spec/BPMN/20100524/MODEL":sourceRef, "http://www.omg.org/spec/BPMN/20100524/MODEL":targetRef}' wird erwartet. | leihVorgang.bpmn | line 117 | column 36
* cvc-complex-type.2.4.b: Content des Elements 'bpmn:dataInputAssociation' ist nicht vollständig. '{"http://www.omg.org/spec/BPMN/20100524/MODEL":sourceRef, "http://www.omg.org/spec/BPMN/20100524/MODEL":targetRef}' wird erwartet. | leihVorgang.bpmn | line 120 | column 35
* One of the attributes 'class', 'delegateExpression', 'type', or 'expression' is mandatory on sendTask. | leihVorgang.bpmn | line 48 | column 63
* One of the attributes 'class', 'delegateExpression', 'type', or 'expression' is mandatory on sendTask. | leihVorgang.bpmn | line 82 | column 76
* attribute 'messageRef' is required | leihVorgang.bpmn | line 105 | column 38
* Invalid 'messageRef': no message with id 'null' found. | leihVorgang.bpmn | line 105 | column 38
	at org.camunda.bpm.engine.impl.util.EngineUtilLogger.exceptionDuringParsing(EngineUtilLogger.java:58) ~[camunda-engine-7.8.0.jar:7.8.0]
	at org.camunda.bpm.engine.impl.util.xml.Parse.throwExceptionForErrors(Parse.java:191) ~[camunda-engine-7.8.0.jar:7.8.0]
	at org.camunda.bpm.engine.impl.bpmn.parser.BpmnParse.execute(BpmnParse.java:266) ~[camunda-engine-7.8.0.jar:7.8.0]
	at org.camunda.bpm.engine.impl.bpmn.deployer.BpmnDeployer.transformDefinitions(BpmnDeployer.java:101) ~[camunda-engine-7.8.0.jar:7.8.0]
	at org.camunda.bpm.engine.impl.AbstractDefinitionDeployer.transformResource(AbstractDefinitionDeployer.java:96) ~[camunda-engine-7.8.0.jar:7.8.0]
	at org.camunda.bpm.engine.impl.AbstractDefinitionDeployer.parseDefinitionResources(AbstractDefinitionDeployer.java:71) ~[camunda-engine-7.8.0.jar:7.8.0]
	at org.camunda.bpm.engine.impl.AbstractDefinitionDeployer.deploy(AbstractDefinitionDeployer.java:61) ~[camunda-engine-7.8.0.jar:7.8.0]
	at org.camunda.bpm.engine.impl.persistence.deploy.cache.CacheDeployer$1.call(CacheDeployer.java:50) ~[camunda-engine-7.8.0.jar:7.8.0]
	at org.camunda.bpm.engine.impl.persistence.deploy.cache.CacheDeployer$1.call(CacheDeployer.java:47) ~[camunda-engine-7.8.0.jar:7.8.0]
	at org.camunda.bpm.engine.impl.interceptor.CommandContext.runWithoutAuthorization(CommandContext.java:473) ~[camunda-engine-7.8.0.jar:7.8.0]
	at org.camunda.bpm.engine.impl.persistence.deploy.cache.CacheDeployer.deploy(CacheDeployer.java:47) ~[camunda-engine-7.8.0.jar:7.8.0]
	at org.camunda.bpm.engine.impl.persistence.deploy.cache.DeploymentCache.deploy(DeploymentCache.java:63) ~[camunda-engine-7.8.0.jar:7.8.0]
	at org.camunda.bpm.engine.impl.persistence.entity.DeploymentManager.insertDeployment(DeploymentManager.java:51) ~[camunda-engine-7.8.0.jar:7.8.0]
	at org.camunda.bpm.engine.impl.cmd.DeployCmd.deploy(DeployCmd.java:479) ~[camunda-engine-7.8.0.jar:7.8.0]
	at org.camunda.bpm.engine.impl.cmd.DeployCmd$1.call(DeployCmd.java:138) ~[camunda-engine-7.8.0.jar:7.8.0]
	at org.camunda.bpm.engine.impl.cmd.DeployCmd$1.call(DeployCmd.java:126) ~[camunda-engine-7.8.0.jar:7.8.0]
	at org.camunda.bpm.engine.impl.interceptor.CommandContext.runWithoutAuthorization(CommandContext.java:473) ~[camunda-engine-7.8.0.jar:7.8.0]
	at org.camunda.bpm.engine.impl.cmd.DeployCmd.doExecute(DeployCmd.java:126) ~[camunda-engine-7.8.0.jar:7.8.0]
	at org.camunda.bpm.engine.impl.cmd.DeployCmd.execute(DeployCmd.java:92) ~[camunda-engine-7.8.0.jar:7.8.0]
	at org.camunda.bpm.engine.impl.cmd.DeployCmd.execute(DeployCmd.java:72) ~[camunda-engine-7.8.0.jar:7.8.0]
	at org.camunda.bpm.engine.impl.interceptor.CommandExecutorImpl.execute(CommandExecutorImpl.java:24) ~[camunda-engine-7.8.0.jar:7.8.0]
	at org.camunda.bpm.engine.impl.interceptor.CommandContextInterceptor.execute(CommandContextInterceptor.java:104) ~[camunda-engine-7.8.0.jar:7.8.0]
	at org.camunda.bpm.engine.impl.interceptor.ProcessApplicationContextInterceptor.execute(ProcessApplicationContextInterceptor.java:66) [camunda-engine-7.8.0.jar:7.8.0]
	at org.camunda.bpm.engine.impl.interceptor.LogInterceptor.execute(LogInterceptor.java:30) [camunda-engine-7.8.0.jar:7.8.0]
	at org.camunda.bpm.engine.impl.RepositoryServiceImpl.deployWithResult(RepositoryServiceImpl.java:100) [camunda-engine-7.8.0.jar:7.8.0]
	at org.camunda.bpm.engine.impl.repository.DeploymentBuilderImpl.deployWithResult(DeploymentBuilderImpl.java:266) [camunda-engine-7.8.0.jar:7.8.0]
	at org.camunda.bpm.engine.impl.repository.DeploymentBuilderImpl.deploy(DeploymentBuilderImpl.java:262) [camunda-engine-7.8.0.jar:7.8.0]
	at org.camunda.bpm.engine.impl.test.TestHelper.annotationDeploymentSetUp(TestHelper.java:136) [camunda-engine-7.8.0.jar:7.8.0]
	at org.camunda.bpm.engine.test.ProcessEngineRule.starting(ProcessEngineRule.java:146) [camunda-engine-7.8.0.jar:7.8.0]
	at org.camunda.bpm.extension.process_test_coverage.junit.rules.TestCoverageProcessEngineRule.starting(TestCoverageProcessEngineRule.java:136) [camunda-bpm-process-test-coverage-0.3.2.jar:0.3.2]
	at org.junit.rules.TestWatcher.startingQuietly(TestWatcher.java:108) [junit-4.12.jar:4.12]
	at org.junit.rules.TestWatcher.access$000(TestWatcher.java:46) [junit-4.12.jar:4.12]
	at org.junit.rules.TestWatcher$1.evaluate(TestWatcher.java:53) [junit-4.12.jar:4.12]
	at org.camunda.bpm.engine.test.ProcessEngineRule$1.evaluate(ProcessEngineRule.java:165) [camunda-engine-7.8.0.jar:7.8.0]
	at org.junit.rules.RunRules.evaluate(RunRules.java:20) [junit-4.12.jar:4.12]
	at org.junit.runners.ParentRunner.runLeaf(ParentRunner.java:325) [junit-4.12.jar:4.12]
	at org.junit.runners.BlockJUnit4ClassRunner.runChild(BlockJUnit4ClassRunner.java:78) [junit-4.12.jar:4.12]
	at org.junit.runners.BlockJUnit4ClassRunner.runChild(BlockJUnit4ClassRunner.java:57) [junit-4.12.jar:4.12]
	at org.junit.runners.ParentRunner$3.run(ParentRunner.java:290) [junit-4.12.jar:4.12]
	at org.junit.runners.ParentRunner$1.schedule(ParentRunner.java:71) [junit-4.12.jar:4.12]
	at org.junit.runners.ParentRunner.runChildren(ParentRunner.java:288) [junit-4.12.jar:4.12]
	at org.junit.runners.ParentRunner.access$000(ParentRunner.java:58) [junit-4.12.jar:4.12]
	at org.junit.runners.ParentRunner$2.evaluate(ParentRunner.java:268) [junit-4.12.jar:4.12]
	at org.junit.rules.TestWatcher$1.evaluate(TestWatcher.java:55) [junit-4.12.jar:4.12]
	at org.camunda.bpm.engine.test.ProcessEngineRule$1.evaluate(ProcessEngineRule.java:165) [camunda-engine-7.8.0.jar:7.8.0]
	at org.junit.rules.RunRules.evaluate(RunRules.java:20) [junit-4.12.jar:4.12]
	at org.junit.runners.ParentRunner.run(ParentRunner.java:363) [junit-4.12.jar:4.12]
	at org.apache.maven.surefire.junit4.JUnit4Provider.execute(JUnit4Provider.java:264) [surefire-junit4-2.17.jar:2.17]
	at org.apache.maven.surefire.junit4.JUnit4Provider.executeTestSet(JUnit4Provider.java:153) [surefire-junit4-2.17.jar:2.17]
	at org.apache.maven.surefire.junit4.JUnit4Provider.invoke(JUnit4Provider.java:124) [surefire-junit4-2.17.jar:2.17]
	at org.apache.maven.surefire.booter.ForkedBooter.invokeProviderInSameClassLoader(ForkedBooter.java:200) [surefire-booter-2.17.jar:2.17]
	at org.apache.maven.surefire.booter.ForkedBooter.runSuitesInProcess(ForkedBooter.java:153) [surefire-booter-2.17.jar:2.17]
	at org.apache.maven.surefire.booter.ForkedBooter.main(ForkedBooter.java:103) [surefire-booter-2.17.jar:2.17]
]]></system-out>
    <system-err><![CDATA[Jan 03, 2018 5:49:15 PM org.camunda.bpm.extension.process_test_coverage.junit.rules.TestCoverageProcessEngineRule succeeded
INFORMATION: testHappyPath(Projektarbeit.leihVorgang.nonarquillian.InMemoryH2Test) succeeded.
]]></system-err>
  </testcase>
  <testcase name="testHappyPath" classname="Projektarbeit.leihVorgang.nonarquillian.InMemoryH2Test" time="0.096">
    <error type="java.lang.NullPointerException:">java.lang.NullPointerException: null
	at org.camunda.bpm.extension.process_test_coverage.junit.rules.TestCoverageProcessEngineRule.handleTestMethodCoverage(TestCoverageProcessEngineRule.java:307)
	at org.camunda.bpm.extension.process_test_coverage.junit.rules.TestCoverageProcessEngineRule.finished(TestCoverageProcessEngineRule.java:144)
	at org.junit.rules.TestWatcher.finishedQuietly(TestWatcher.java:117)
	at org.junit.rules.TestWatcher.access$400(TestWatcher.java:46)
	at org.junit.rules.TestWatcher$1.evaluate(TestWatcher.java:64)
	at org.camunda.bpm.engine.test.ProcessEngineRule$1.evaluate(ProcessEngineRule.java:165)
	at org.junit.rules.RunRules.evaluate(RunRules.java:20)
	at org.junit.runners.ParentRunner.runLeaf(ParentRunner.java:325)
	at org.junit.runners.BlockJUnit4ClassRunner.runChild(BlockJUnit4ClassRunner.java:78)
	at org.junit.runners.BlockJUnit4ClassRunner.runChild(BlockJUnit4ClassRunner.java:57)
	at org.junit.runners.ParentRunner$3.run(ParentRunner.java:290)
	at org.junit.runners.ParentRunner$1.schedule(ParentRunner.java:71)
	at org.junit.runners.ParentRunner.runChildren(ParentRunner.java:288)
	at org.junit.runners.ParentRunner.access$000(ParentRunner.java:58)
	at org.junit.runners.ParentRunner$2.evaluate(ParentRunner.java:268)
	at org.junit.rules.TestWatcher$1.evaluate(TestWatcher.java:55)
	at org.camunda.bpm.engine.test.ProcessEngineRule$1.evaluate(ProcessEngineRule.java:165)
	at org.junit.rules.RunRules.evaluate(RunRules.java:20)
	at org.junit.runners.ParentRunner.run(ParentRunner.java:363)
	at org.apache.maven.surefire.junit4.JUnit4Provider.execute(JUnit4Provider.java:264)
	at org.apache.maven.surefire.junit4.JUnit4Provider.executeTestSet(JUnit4Provider.java:153)
	at org.apache.maven.surefire.junit4.JUnit4Provider.invoke(JUnit4Provider.java:124)
	at org.apache.maven.surefire.booter.ForkedBooter.invokeProviderInSameClassLoader(ForkedBooter.java:200)
	at org.apache.maven.surefire.booter.ForkedBooter.runSuitesInProcess(ForkedBooter.java:153)
	at org.apache.maven.surefire.booter.ForkedBooter.main(ForkedBooter.java:103)
</error>
  </testcase>
  <testcase name="Projektarbeit.leihVorgang.nonarquillian.InMemoryH2Test" classname="Projektarbeit.leihVorgang.nonarquillian.InMemoryH2Test" time="0.102">
    <error type="java.util.NoSuchElementException:">java.util.NoSuchElementException: null
	at java.util.HashMap$HashIterator.nextNode(HashMap.java:1439)
	at java.util.HashMap$ValueIterator.next(HashMap.java:1466)
	at org.camunda.bpm.extension.process_test_coverage.model.ClassCoverage.getAnyMethodCoverage(ClassCoverage.java:190)
	at org.camunda.bpm.extension.process_test_coverage.model.ClassCoverage.getCoveragePercentage(ClassCoverage.java:78)
	at org.camunda.bpm.extension.process_test_coverage.junit.rules.TestCoverageProcessEngineRule.handleClassCoverage(TestCoverageProcessEngineRule.java:344)
	at org.camunda.bpm.extension.process_test_coverage.junit.rules.TestCoverageProcessEngineRule.finished(TestCoverageProcessEngineRule.java:146)
	at org.junit.rules.TestWatcher.finishedQuietly(TestWatcher.java:117)
	at org.junit.rules.TestWatcher.access$400(TestWatcher.java:46)
	at org.junit.rules.TestWatcher$1.evaluate(TestWatcher.java:64)
	at org.camunda.bpm.engine.test.ProcessEngineRule$1.evaluate(ProcessEngineRule.java:165)
	at org.junit.rules.RunRules.evaluate(RunRules.java:20)
	at org.junit.runners.ParentRunner.run(ParentRunner.java:363)
	at org.apache.maven.surefire.junit4.JUnit4Provider.execute(JUnit4Provider.java:264)
	at org.apache.maven.surefire.junit4.JUnit4Provider.executeTestSet(JUnit4Provider.java:153)
	at org.apache.maven.surefire.junit4.JUnit4Provider.invoke(JUnit4Provider.java:124)
	at org.apache.maven.surefire.booter.ForkedBooter.invokeProviderInSameClassLoader(ForkedBooter.java:200)
	at org.apache.maven.surefire.booter.ForkedBooter.runSuitesInProcess(ForkedBooter.java:153)
	at org.apache.maven.surefire.booter.ForkedBooter.main(ForkedBooter.java:103)
</error>
    <system-err><![CDATA[Jan 03, 2018 5:49:15 PM org.camunda.bpm.extension.process_test_coverage.junit.rules.TestCoverageProcessEngineRule succeeded
INFORMATION: Projektarbeit.leihVorgang.nonarquillian.InMemoryH2Test succeeded.
]]></system-err>
  </testcase>
</testsuite>